<?xml version="1.0" encoding="UTF-8"?>
<!-- Generated by org.testng.reporters.JUnitReportReporter -->
<testsuite hostname="RAGHAVENDRACHAR" failures="0" tests="5" name="TestNgXmlInteraction.ParameterTest" time="48.525" errors="0" timestamp="2021-03-24T19:53:38 IST" skipped="0">
  <testcase classname="TestNgXmlInteraction.ParameterTest" name="BrowserInvoke" time="5.192"/>
  <system-out/>
  <testcase classname="TestNgXmlInteraction.ParameterTest" name="getUrl" time="8.053"/>
  <system-out/>
  <testcase classname="TestNgXmlInteraction.ParameterTest" name="parameter" time="2.109"/>
  <system-out/>
  <testcase classname="TestNgXmlInteraction.ParameterTest" name="ClickSearch" time="30.423"/>
  <system-out/>
  <testcase classname="TestNgXmlInteraction.ParameterTest" name="QuitBrowser" time="2.748"/>
  <system-out/>
</testsuite> <!-- TestNgXmlInteraction.ParameterTest -->
