<?xml version="1.0" encoding="UTF-8"?>
<!-- Generated by org.testng.reporters.JUnitReportReporter -->
<testsuite hostname="RAGHAVENDRACHAR" failures="0" tests="5" name="TestNgXmlInteraction.ParameterTest" time="32.602" errors="0" timestamp="2021-03-24T18:12:37 IST" skipped="0">
  <testcase classname="TestNgXmlInteraction.ParameterTest" name="BrowserInvoke" time="5.058"/>
  <system-out/>
  <testcase classname="TestNgXmlInteraction.ParameterTest" name="getUrl" time="13.947"/>
  <system-out/>
  <testcase classname="TestNgXmlInteraction.ParameterTest" name="parameter" time="2.130"/>
  <system-out/>
  <testcase classname="TestNgXmlInteraction.ParameterTest" name="ClickSearch" time="10.549"/>
  <system-out/>
  <testcase classname="TestNgXmlInteraction.ParameterTest" name="QuitBrowser" time="0.918"/>
  <system-out/>
</testsuite> <!-- TestNgXmlInteraction.ParameterTest -->
