<?xml version="1.0" encoding="UTF-8"?>
<!-- Generated by org.testng.reporters.JUnitReportReporter -->
<testsuite hostname="RAGHAVENDRACHAR" failures="0" tests="5" name="TestNgXmlInteraction.Test1" time="72.867" errors="0" timestamp="2021-03-24T18:15:27 IST" skipped="0">
  <testcase classname="TestNgXmlInteraction.Test1" name="test4" time="27.506"/>
  <system-out/>
  <testcase classname="TestNgXmlInteraction.Test1" name="test1" time="10.789"/>
  <system-out/>
  <testcase classname="TestNgXmlInteraction.Test1" name="test2" time="10.148"/>
  <system-out/>
  <testcase classname="TestNgXmlInteraction.Test1" name="test3" time="11.958"/>
  <system-out>
executed test3  </system-out>
  <testcase classname="TestNgXmlInteraction.Test1" name="test5" time="12.466"/>
  <system-out>
executed test5  </system-out>
</testsuite> <!-- TestNgXmlInteraction.Test1 -->
