<?xml version="1.0" encoding="UTF-8"?>
<!-- Generated by org.testng.reporters.JUnitReportReporter -->
<testsuite hostname="RAGHAVENDRACHAR" failures="0" tests="5" name="Applications.TestSuites.RegressionSuite" time="196.526" errors="0" timestamp="2021-03-24T00:07:01 IST" skipped="0">
  <testcase classname="Applications.TestSuites.RegressionSuite" name="TS_05" time="30.843"/>
  <system-out/>
  <testcase classname="Applications.TestSuites.RegressionSuite" name="TS_01" time="49.859"/>
  <system-out>
Remove was displayed  </system-out>
  <testcase classname="Applications.TestSuites.RegressionSuite" name="TS_03" time="22.412"/>
  <system-out/>
  <testcase classname="Applications.TestSuites.RegressionSuite" name="TS_04" time="70.540"/>
  <system-out/>
  <testcase classname="Applications.TestSuites.RegressionSuite" name="TS_02" time="22.872"/>
  <system-out/>
</testsuite> <!-- Applications.TestSuites.RegressionSuite -->
